<?xml version="1.0" encoding="UTF-8"?>
<!-- Generated by org.testng.reporters.JUnitReportReporter -->
<testsuite hostname="PC-685" failures="0" tests="7" name="com.example.LoanCalculatorTest" time="46.631" errors="0" timestamp="2024-08-07T16:20:36 EEST" skipped="0">
  <testcase classname="com.example.LoanCalculatorTest" name="InvalidLoanPeriodTest" time="6.808"/>
  <testcase classname="com.example.LoanCalculatorTest" name="UpdateLoanAmountTest" time="6.825"/>
  <testcase classname="com.example.LoanCalculatorTest" name="DefaultLoanAmountTest" time="4.708"/>
  <testcase classname="com.example.LoanCalculatorTest" name="openLoanPageTest" time="5.717"/>
  <testcase classname="com.example.LoanCalculatorTest" name="DefaultLoanPeriodTest" time="8.940"/>
  <testcase classname="com.example.LoanCalculatorTest" name="UpdateLoanPeriodTest" time="6.864"/>
  <testcase classname="com.example.LoanCalculatorTest" name="InvalidLoanAmountTest" time="6.769"/>
</testsuite> <!-- com.example.LoanCalculatorTest -->
